<?xml version="1.0" encoding="UTF-8" ?>
<testsuite errors="0" failures="0" hostname="Prakhars-MBP" name="com.nyu.pqs.canvasapp.DrawingObjectTest" skipped="0" tests="5" time="0.017" timestamp="2015-05-13T22:09:42">
  <properties>
    <property name="java.vendor" value="Oracle Corporation" />
    <property name="sun.java.launcher" value="SUN_STANDARD" />
    <property name="sun.management.compiler" value="HotSpot 64-Bit Tiered Compilers" />
    <property name="os.name" value="Mac OS X" />
    <property name="sun.boot.class.path" value="/Library/Java/JavaVirtualMachines/jdk1.8.0_25.jdk/Contents/Home/jre/lib/resources.jar:/Library/Java/JavaVirtualMachines/jdk1.8.0_25.jdk/Contents/Home/jre/lib/rt.jar:/Library/Java/JavaVirtualMachines/jdk1.8.0_25.jdk/Contents/Home/jre/lib/sunrsasign.jar:/Library/Java/JavaVirtualMachines/jdk1.8.0_25.jdk/Contents/Home/jre/lib/jsse.jar:/Library/Java/JavaVirtualMachines/jdk1.8.0_25.jdk/Contents/Home/jre/lib/jce.jar:/Library/Java/JavaVirtualMachines/jdk1.8.0_25.jdk/Contents/Home/jre/lib/charsets.jar:/Library/Java/JavaVirtualMachines/jdk1.8.0_25.jdk/Contents/Home/jre/lib/jfr.jar:/Library/Java/JavaVirtualMachines/jdk1.8.0_25.jdk/Contents/Home/jre/classes" />
    <property name="java.vm.specification.vendor" value="Oracle Corporation" />
    <property name="ant.home" value="/usr/local/Cellar/ant/1.9.4/libexec" />
    <property name="jar.dir" value="build/jar" />
    <property name="java.runtime.version" value="1.8.0_25-b17" />
    <property name="user.name" value="KillEmAll" />
    <property name="build.dir" value="build" />
    <property name="testsrc.dir" value="testsrc" />
    <property name="user.language" value="en" />
    <property name="sun.boot.library.path" value="/Library/Java/JavaVirtualMachines/jdk1.8.0_25.jdk/Contents/Home/jre/lib" />
    <property name="ant.project.default-target" value="compile" />
    <property name="ant.project.name" value="CanvasApp" />
    <property name="java.version" value="1.8.0_25" />
    <property name="user.timezone" value="America/New_York" />
    <property name="sun.arch.data.model" value="64" />
    <property name="http.nonProxyHosts" value="local|*.local|169.254/16|*.169.254/16" />
    <property name="java.endorsed.dirs" value="/Library/Java/JavaVirtualMachines/jdk1.8.0_25.jdk/Contents/Home/jre/lib/endorsed" />
    <property name="sun.cpu.isalist" value="" />
    <property name="sun.jnu.encoding" value="UTF-8" />
    <property name="file.encoding.pkg" value="sun.io" />
    <property name="file.separator" value="/" />
    <property name="java.specification.name" value="Java Platform API Specification" />
    <property name="classes.dir" value="build/classes" />
    <property name="java.class.version" value="52.0" />
    <property name="user.country" value="US" />
    <property name="java.home" value="/Library/Java/JavaVirtualMachines/jdk1.8.0_25.jdk/Contents/Home/jre" />
    <property name="java.vm.info" value="mixed mode" />
    <property name="main-class" value="com.nyu.pqs.canvasapp.CanvasApp" />
    <property name="ant.file" value="/Users/KillEmAll/Documents/NYU/PQS-eclipse/PQS-5/PS5_sp15/build.xml" />
    <property name="os.version" value="10.10.3" />
    <property name="path.separator" value=":" />
    <property name="java.vm.version" value="25.25-b02" />
    <property name="ant.library.dir" value="/usr/local/Cellar/ant/1.9.4/libexec/lib" />
    <property name="java.awt.printerjob" value="sun.lwawt.macosx.CPrinterJob" />
    <property name="sun.io.unicode.encoding" value="UnicodeBig" />
    <property name="awt.toolkit" value="sun.lwawt.macosx.LWCToolkit" />
    <property name="socksNonProxyHosts" value="local|*.local|169.254/16|*.169.254/16" />
    <property name="ftp.nonProxyHosts" value="local|*.local|169.254/16|*.169.254/16" />
    <property name="user.home" value="/Users/KillEmAll" />
    <property name="java.specification.vendor" value="Oracle Corporation" />
    <property name="java.library.path" value="/Users/KillEmAll/Library/Java/Extensions:/Library/Java/Extensions:/Network/Library/Java/Extensions:/System/Library/Java/Extensions:/usr/lib/java:." />
    <property name="java.vendor.url" value="http://java.oracle.com/" />
    <property name="java.vm.vendor" value="Oracle Corporation" />
    <property name="gopherProxySet" value="false" />
    <property name="ant.file.CanvasApp" value="/Users/KillEmAll/Documents/NYU/PQS-eclipse/PQS-5/PS5_sp15/build.xml" />
    <property name="java.runtime.name" value="Java(TM) SE Runtime Environment" />
    <property name="sun.java.command" value="org.apache.tools.ant.launch.Launcher -cp  junit" />
    <property name="java.class.path" value="/usr/local/Cellar/ant/1.9.4/libexec/lib/ant-launcher.jar:/usr/local/Cellar/ant/1.9.4/libexec/lib/ant-antlr.jar:/usr/local/Cellar/ant/1.9.4/libexec/lib/ant-apache-bcel.jar:/usr/local/Cellar/ant/1.9.4/libexec/lib/ant-apache-bsf.jar:/usr/local/Cellar/ant/1.9.4/libexec/lib/ant-apache-log4j.jar:/usr/local/Cellar/ant/1.9.4/libexec/lib/ant-apache-oro.jar:/usr/local/Cellar/ant/1.9.4/libexec/lib/ant-apache-regexp.jar:/usr/local/Cellar/ant/1.9.4/libexec/lib/ant-apache-resolver.jar:/usr/local/Cellar/ant/1.9.4/libexec/lib/ant-apache-xalan2.jar:/usr/local/Cellar/ant/1.9.4/libexec/lib/ant-commons-logging.jar:/usr/local/Cellar/ant/1.9.4/libexec/lib/ant-commons-net.jar:/usr/local/Cellar/ant/1.9.4/libexec/lib/ant-jai.jar:/usr/local/Cellar/ant/1.9.4/libexec/lib/ant-javamail.jar:/usr/local/Cellar/ant/1.9.4/libexec/lib/ant-jdepend.jar:/usr/local/Cellar/ant/1.9.4/libexec/lib/ant-jmf.jar:/usr/local/Cellar/ant/1.9.4/libexec/lib/ant-jsch.jar:/usr/local/Cellar/ant/1.9.4/libexec/lib/ant-junit.jar:/usr/local/Cellar/ant/1.9.4/libexec/lib/ant-junit4.jar:/usr/local/Cellar/ant/1.9.4/libexec/lib/ant-launcher.jar:/usr/local/Cellar/ant/1.9.4/libexec/lib/ant-netrexx.jar:/usr/local/Cellar/ant/1.9.4/libexec/lib/ant-swing.jar:/usr/local/Cellar/ant/1.9.4/libexec/lib/ant-testutil.jar:/usr/local/Cellar/ant/1.9.4/libexec/lib/ant.jar:/usr/local/Cellar/ant/1.9.4/libexec/lib/junit-4.10.jar:/Library/Java/JavaVirtualMachines/jdk1.8.0_25.jdk/Contents/Home/lib/tools.jar" />
    <property name="ant.version" value="Apache Ant(TM) version 1.9.4 compiled on April 29 2014" />
    <property name="java.vm.specification.name" value="Java Virtual Machine Specification" />
    <property name="ant.file.type" value="file" />
    <property name="java.vm.specification.version" value="1.8" />
    <property name="sun.cpu.endian" value="little" />
    <property name="sun.os.patch.level" value="unknown" />
    <property name="java.io.tmpdir" value="/var/folders/xt/fybct8x54gx1vyz4yj8q3kg40000gn/T/" />
    <property name="java.vendor.url.bug" value="http://bugreport.sun.com/bugreport/" />
    <property name="os.arch" value="x86_64" />
    <property name="java.awt.graphicsenv" value="sun.awt.CGraphicsEnvironment" />
    <property name="java.ext.dirs" value="/Users/KillEmAll/Library/Java/Extensions:/Library/Java/JavaVirtualMachines/jdk1.8.0_25.jdk/Contents/Home/jre/lib/ext:/Library/Java/Extensions:/Network/Library/Java/Extensions:/System/Library/Java/Extensions:/usr/lib/java" />
    <property name="user.dir" value="/Users/KillEmAll/Documents/NYU/PQS-eclipse/PQS-5/PS5_sp15" />
    <property name="ant.file.type.CanvasApp" value="file" />
    <property name="line.separator" value="&#xa;" />
    <property name="java.vm.name" value="Java HotSpot(TM) 64-Bit Server VM" />
    <property name="basedir" value="/Users/KillEmAll/Documents/NYU/PQS-eclipse/PQS-5/PS5_sp15" />
    <property name="ant.java.version" value="1.8" />
    <property name="ant.core.lib" value="/usr/local/Cellar/ant/1.9.4/libexec/lib/ant.jar" />
    <property name="file.encoding" value="UTF-8" />
    <property name="java.specification.version" value="1.8" />
    <property name="src.dir" value="src" />
    <property name="ant.project.invoked-targets" value="junit" />
    <property name="testreport.dir" value="junitreports" />
  </properties>
  <testcase classname="com.nyu.pqs.canvasapp.DrawingObjectTest" name="testHashCode" time="0.001" />
  <testcase classname="com.nyu.pqs.canvasapp.DrawingObjectTest" name="testDrawingObjectConstructorAndGetters" time="0.0" />
  <testcase classname="com.nyu.pqs.canvasapp.DrawingObjectTest" name="testDrawingObjectSettersAndParameterizedConstr" time="0.001" />
  <testcase classname="com.nyu.pqs.canvasapp.DrawingObjectTest" name="testSetColor" time="0.0" />
  <testcase classname="com.nyu.pqs.canvasapp.DrawingObjectTest" name="testSetStroke" time="0.0" />
  <system-out><![CDATA[]]></system-out>
  <system-err><![CDATA[]]></system-err>
</testsuite>
